build/app/outputs/logs/manifest-merger-debug-report.txt
-- Merging decision tree log ---
application
INJECTED from src\main\AndroidManifest.xml:3:5-33:19
MERGED from [:flutter_inappwebview] AndroidManifest.xml:15:5-48:19
MERGED from [:flutter_inappwebview] AndroidManifest.xml:15:5-48:19
MERGED from [androidx.window:window:1.0.0-beta04] AndroidManifest.xml:24:5-31:19
MERGED from [androidx.window:window:1.0.0-beta04] AndroidManifest.xml:24:5-31:19
MERGED from [androidx.emoji2:emoji2:1.2.0] AndroidManifest.xml:23:5-33:19
MERGED from [androidx.emoji2:emoji2:1.2.0] AndroidManifest.xml:23:5-33:19
MERGED from [androidx.lifecycle:lifecycle-process:2.4.1] AndroidManifest.xml:25:5-35:19
MERGED from [androidx.lifecycle:lifecycle-process:2.4.1] AndroidManifest.xml:25:5-35:19
MERGED from [androidx.startup:startup-runtime:1.1.1] AndroidManifest.xml:25:5-31:19
MERGED from [androidx.startup:startup-runtime:1.1.1] AndroidManifest.xml:25:5-31:19
MERGED from [androidx.core:core:1.8.0] AndroidManifest.xml:24:5-89
MERGED from [androidx.core:core:1.8.0] AndroidManifest.xml:24:5-89
MERGED from [androidx.versionedparcelable:versionedparcelable:1.1.1] AndroidManifest.xml:24:5-25:19
MERGED from [androidx.versionedparcelable:versionedparcelable:1.1.1] AndroidManifest.xml:24:5-25:19
	android:appComponentFactory
		ADDED from [androidx.core:core:1.8.0] AndroidManifest.xml:24:18-86
	android:name
		INJECTED from src\main\AndroidManifest.xml
manifest
ADDED from src\main\AndroidManifest.xml:1:1-34:12
INJECTED from src\main\AndroidManifest.xml:1:1-34:12
INJECTED from src\main\AndroidManifest.xml:1:1-34:12
INJECTED from src\main\AndroidManifest.xml:1:1-34:12
MERGED from src\main\AndroidManifest.xml:1:1-34:12
MERGED from [:just_audio] AndroidManifest.xml:2:1-9:12
MERGED from [:flutter_inappwebview] AndroidManifest.xml:2:1-50:12
MERGED from [:sqflite] AndroidManifest.xml:2:1-9:12
MERGED from [:path_provider_android] AndroidManifest.xml:2:1-9:12
MERGED from [:audio_session] AndroidManifest.xml:2:1-9:12
MERGED from [androidx.window:window-java:1.0.0-beta04] AndroidManifest.xml:17:1-23:12
MERGED from [androidx.window:window:1.0.0-beta04] AndroidManifest.xml:17:1-33:12
MERGED from [androidx.appcompat:appcompat-resources:1.5.1] AndroidManifest.xml:17:1-22:12
MERGED from [androidx.appcompat:appcompat:1.5.1] AndroidManifest.xml:17:1-22:12
MERGED from [androidx.fragment:fragment:1.3.6] AndroidManifest.xml:17:1-24:12
MERGED from [androidx.activity:activity:1.5.1] AndroidManifest.xml:17:1-24:12
MERGED from [androidx.loader:loader:1.0.0] AndroidManifest.xml:17:1-22:12
MERGED from [androidx.lifecycle:lifecycle-viewmodel:2.5.1] AndroidManifest.xml:17:1-24:12
MERGED from [androidx.lifecycle:lifecycle-viewmodel-savedstate:2.5.1] AndroidManifest.xml:17:1-24:12
MERGED from [androidx.multidex:multidex:2.0.0] AndroidManifest.xml:17:1-22:12
MERGED from [com.google.android.exoplayer:exoplayer-dash:2.18.7] AndroidManifest.xml:17:1-24:12
MERGED from [com.google.android.exoplayer:exoplayer-hls:2.18.7] AndroidManifest.xml:17:1-24:12
MERGED from [com.google.android.exoplayer:exoplayer-smoothstreaming:2.18.7] AndroidManifest.xml:17:1-24:12
MERGED from [com.google.android.exoplayer:exoplayer-core:2.18.7] AndroidManifest.xml:17:1-26:12
MERGED from [androidx.webkit:webkit:1.5.0] AndroidManifest.xml:17:1-22:12
MERGED from [androidx.browser:browser:1.4.0] AndroidManifest.xml:17:1-24:12
MERGED from [androidx.swiperefreshlayout:swiperefreshlayout:1.1.0] AndroidManifest.xml:17:1-24:12
MERGED from [androidx.emoji2:emoji2-views-helper:1.2.0] AndroidManifest.xml:2:1-7:12
MERGED from [androidx.emoji2:emoji2:1.2.0] AndroidManifest.xml:17:1-35:12
MERGED from [androidx.lifecycle:lifecycle-process:2.4.1] AndroidManifest.xml:17:1-37:12
MERGED from [androidx.startup:startup-runtime:1.1.1] AndroidManifest.xml:17:1-33:12
MERGED from [androidx.tracing:tracing:1.0.0] AndroidManifest.xml:17:1-24:12
MERGED from [com.google.android.exoplayer:exoplayer-datasource:2.18.7] AndroidManifest.xml:17:1-24:12
MERGED from [com.google.android.exoplayer:exoplayer-extractor:2.18.7] AndroidManifest.xml:17:1-24:12
MERGED from [com.google.android.exoplayer:exoplayer-decoder:2.18.7] AndroidManifest.xml:17:1-24:12
MERGED from [com.google.android.exoplayer:exoplayer-database:2.18.7] AndroidManifest.xml:17:1-24:12
MERGED from [com.google.android.exoplayer:exoplayer-common:2.18.7] AndroidManifest.xml:17:1-26:12
MERGED from [androidx.media2:media2-session:1.2.1] AndroidManifest.xml:17:1-36:12
MERGED from [androidx.core:core-ktx:1.8.0] AndroidManifest.xml:2:1-9:12
MERGED from [androidx.drawerlayout:drawerlayout:1.0.0] AndroidManifest.xml:17:1-22:12
MERGED from [androidx.media2:media2-common:1.2.1] AndroidManifest.xml:17:1-24:12
MERGED from [androidx.viewpager:viewpager:1.0.0] AndroidManifest.xml:17:1-22:12
MERGED from [androidx.vectordrawable:vectordrawable-animated:1.1.0] AndroidManifest.xml:17:1-24:12
MERGED from [androidx.vectordrawable:vectordrawable:1.1.0] AndroidManifest.xml:17:1-24:12
MERGED from [androidx.customview:customview:1.0.0] AndroidManifest.xml:17:1-22:12
MERGED from [androidx.media:media:1.4.1] AndroidManifest.xml:17:1-30:12
MERGED from [androidx.core:core:1.8.0] AndroidManifest.xml:17:1-26:12
MERGED from [androidx.versionedparcelable:versionedparcelable:1.1.1] AndroidManifest.xml:17:1-27:12
MERGED from [androidx.interpolator:interpolator:1.0.0] AndroidManifest.xml:17:1-22:12
MERGED from [androidx.lifecycle:lifecycle-runtime:2.5.1] AndroidManifest.xml:17:1-24:12
MERGED from [androidx.cursoradapter:cursoradapter:1.0.0] AndroidManifest.xml:17:1-22:12
MERGED from [androidx.savedstate:savedstate:1.2.0] AndroidManifest.xml:17:1-24:12
MERGED from [androidx.lifecycle:lifecycle-livedata:2.0.0] AndroidManifest.xml:17:1-22:12
MERGED from [androidx.lifecycle:lifecycle-livedata-core:2.5.1] AndroidManifest.xml:17:1-24:12
MERGED from [androidx.arch.core:core-runtime:2.1.0] AndroidManifest.xml:17:1-24:12
MERGED from [androidx.annotation:annotation-experimental:1.1.0] AndroidManifest.xml:17:1-24:12
INJECTED from src\debug\AndroidManifest.xml:1:1-7:12
INJECTED from src\debug\AndroidManifest.xml:1:1-7:12
INJECTED from src\debug\AndroidManifest.xml:1:1-7:12
	package
		INJECTED from src\main\AndroidManifest.xml
		ADDED from src\main\AndroidManifest.xml:1:1-34:12
		INJECTED from src\debug\AndroidManifest.xml
	android:versionName
		INJECTED from src\main\AndroidManifest.xml
		ADDED from src\main\AndroidManifest.xml:1:1-34:12
		INJECTED from src\debug\AndroidManifest.xml
	android:versionCode
		INJECTED from src\main\AndroidManifest.xml
		ADDED from src\main\AndroidManifest.xml:1:1-34:12
		INJECTED from src\debug\AndroidManifest.xml
	xmlns:android
		ADDED from src\main\AndroidManifest.xml:1:11-69
uses-permission#android.permission.INTERNET
ADDED from src\main\AndroidManifest.xml:2:5-66
MERGED from src\main\AndroidManifest.xml:2:5-66
MERGED from src\main\AndroidManifest.xml:2:5-66
	android:name
		ADDED from src\main\AndroidManifest.xml:2:22-64
uses-sdk
INJECTED from src\main\AndroidManifest.xml reason: use-sdk injection requested
INJECTED from src\main\AndroidManifest.xml
INJECTED from src\main\AndroidManifest.xml
MERGED from [:just_audio] AndroidManifest.xml:5:5-7:41
MERGED from [:just_audio] AndroidManifest.xml:5:5-7:41
MERGED from [:flutter_inappwebview] AndroidManifest.xml:5:5-7:41
MERGED from [:flutter_inappwebview] AndroidManifest.xml:5:5-7:41
MERGED from [:sqflite] AndroidManifest.xml:5:5-7:41
MERGED from [:sqflite] AndroidManifest.xml:5:5-7:41
MERGED from [:path_provider_android] AndroidManifest.xml:5:5-7:41
MERGED from [:path_provider_android] AndroidManifest.xml:5:5-7:41
MERGED from [:audio_session] AndroidManifest.xml:5:5-7:41
MERGED from [:audio_session] AndroidManifest.xml:5:5-7:41
MERGED from [androidx.window:window-java:1.0.0-beta04] AndroidManifest.xml:19:5-21:41
MERGED from [androidx.window:window-java:1.0.0-beta04] AndroidManifest.xml:19:5-21:41
MERGED from [androidx.window:window:1.0.0-beta04] AndroidManifest.xml:20:5-22:41
MERGED from [androidx.window:window:1.0.0-beta04] AndroidManifest.xml:20:5-22:41
MERGED from [androidx.appcompat:appcompat-resources:1.5.1] AndroidManifest.xml:20:5-44
MERGED from [androidx.appcompat:appcompat-resources:1.5.1] AndroidManifest.xml:20:5-44
MERGED from [androidx.appcompat:appcompat:1.5.1] AndroidManifest.xml:20:5-44
MERGED from [androidx.appcompat:appcompat:1.5.1] AndroidManifest.xml:20:5-44
MERGED from [androidx.fragment:fragment:1.3.6] AndroidManifest.xml:20:5-22:41
MERGED from [androidx.fragment:fragment:1.3.6] AndroidManifest.xml:20:5-22:41
MERGED from [androidx.activity:activity:1.5.1] AndroidManifest.xml:20:5-22:41
MERGED from [androidx.activity:activity:1.5.1] AndroidManifest.xml:20:5-22:41
MERGED from [androidx.loader:loader:1.0.0] AndroidManifest.xml:20:5-44
MERGED from [androidx.loader:loader:1.0.0] AndroidManifest.xml:20:5-44
MERGED from [androidx.lifecycle:lifecycle-viewmodel:2.5.1] AndroidManifest.xml:20:5-22:41
MERGED from [androidx.lifecycle:lifecycle-viewmodel:2.5.1] AndroidManifest.xml:20:5-22:41
MERGED from [androidx.lifecycle:lifecycle-viewmodel-savedstate:2.5.1] AndroidManifest.xml:20:5-22:41
MERGED from [androidx.lifecycle:lifecycle-viewmodel-savedstate:2.5.1] AndroidManifest.xml:20:5-22:41
MERGED from [androidx.multidex:multidex:2.0.0] AndroidManifest.xml:20:5-43
MERGED from [androidx.multidex:multidex:2.0.0] AndroidManifest.xml:20:5-43
MERGED from [com.google.android.exoplayer:exoplayer-dash:2.18.7] AndroidManifest.xml:20:5-22:41
MERGED from [com.google.android.exoplayer:exoplayer-dash:2.18.7] AndroidManifest.xml:20:5-22:41
MERGED from [com.google.android.exoplayer:exoplayer-hls:2.18.7] AndroidManifest.xml:20:5-22:41
MERGED from [com.google.android.exoplayer:exoplayer-hls:2.18.7] AndroidManifest.xml:20:5-22:41
MERGED from [com.google.android.exoplayer:exoplayer-smoothstreaming:2.18.7] AndroidManifest.xml:20:5-22:41
MERGED from [com.google.android.exoplayer:exoplayer-smoothstreaming:2.18.7] AndroidManifest.xml:20:5-22:41
MERGED from [com.google.android.exoplayer:exoplayer-core:2.18.7] AndroidManifest.xml:20:5-22:41
MERGED from [com.google.android.exoplayer:exoplayer-core:2.18.7] AndroidManifest.xml:20:5-22:41
MERGED from [androidx.webkit:webkit:1.5.0] AndroidManifest.xml:20:5-44
MERGED from [androidx.webkit:webkit:1.5.0] AndroidManifest.xml:20:5-44
MERGED from [androidx.browser:browser:1.4.0] AndroidManifest.xml:20:5-22:41
MERGED from [androidx.browser:browser:1.4.0] AndroidManifest.xml:20:5-22:41
MERGED from [androidx.swiperefreshlayout:swiperefreshlayout:1.1.0] AndroidManifest.xml:20:5-22:41
MERGED from [androidx.swiperefreshlayout:swiperefreshlayout:1.1.0] AndroidManifest.xml:20:5-22:41
MERGED from [androidx.emoji2:emoji2-views-helper:1.2.0] AndroidManifest.xml:5:5-44
MERGED from [androidx.emoji2:emoji2-views-helper:1.2.0] AndroidManifest.xml:5:5-44
MERGED from [androidx.emoji2:emoji2:1.2.0] AndroidManifest.xml:21:5-44
MERGED from [androidx.emoji2:emoji2:1.2.0] AndroidManifest.xml:21:5-44
MERGED from [androidx.lifecycle:lifecycle-process:2.4.1] AndroidManifest.xml:21:5-23:41
MERGED from [androidx.lifecycle:lifecycle-process:2.4.1] AndroidManifest.xml:21:5-23:41
MERGED from [androidx.startup:startup-runtime:1.1.1] AndroidManifest.xml:21:5-23:41
MERGED from [androidx.startup:startup-runtime:1.1.1] AndroidManifest.xml:21:5-23:41
MERGED from [androidx.tracing:tracing:1.0.0] AndroidManifest.xml:20:5-22:41
MERGED from [androidx.tracing:tracing:1.0.0] AndroidManifest.xml:20:5-22:41
MERGED from [com.google.android.exoplayer:exoplayer-datasource:2.18.7] AndroidManifest.xml:20:5-22:41
MERGED from [com.google.android.exoplayer:exoplayer-datasource:2.18.7] AndroidManifest.xml:20:5-22:41
MERGED from [com.google.android.exoplayer:exoplayer-extractor:2.18.7] AndroidManifest.xml:20:5-22:41
MERGED from [com.google.android.exoplayer:exoplayer-extractor:2.18.7] AndroidManifest.xml:20:5-22:41
MERGED from [com.google.android.exoplayer:exoplayer-decoder:2.18.7] AndroidManifest.xml:20:5-22:41
MERGED from [com.google.android.exoplayer:exoplayer-decoder:2.18.7] AndroidManifest.xml:20:5-22:41
MERGED from [com.google.android.exoplayer:exoplayer-database:2.18.7] AndroidManifest.xml:20:5-22:41
MERGED from [com.google.android.exoplayer:exoplayer-database:2.18.7] AndroidManifest.xml:20:5-22:41
MERGED from [com.google.android.exoplayer:exoplayer-common:2.18.7] AndroidManifest.xml:20:5-22:41
MERGED from [com.google.android.exoplayer:exoplayer-common:2.18.7] AndroidManifest.xml:20:5-22:41
MERGED from [androidx.media2:media2-session:1.2.1] AndroidManifest.xml:20:5-22:41
MERGED from [androidx.media2:media2-session:1.2.1] AndroidManifest.xml:20:5-22:41
MERGED from [androidx.core:core-ktx:1.8.0] AndroidManifest.xml:5:5-7:41
MERGED from [androidx.core:core-ktx:1.8.0] AndroidManifest.xml:5:5-7:41
MERGED from [androidx.drawerlayout:drawerlayout:1.0.0] AndroidManifest.xml:20:5-44
MERGED from [androidx.drawerlayout:drawerlayout:1.0.0] AndroidManifest.xml:20:5-44
MERGED from [androidx.media2:media2-common:1.2.1] AndroidManifest.xml:20:5-22:41
MERGED from [androidx.media2:media2-common:1.2.1] AndroidManifest.xml:20:5-22:41
MERGED from [androidx.viewpager:viewpager:1.0.0] AndroidManifest.xml:20:5-44
MERGED from [androidx.viewpager:viewpager:1.0.0] AndroidManifest.xml:20:5-44
MERGED from [androidx.vectordrawable:vectordrawable-animated:1.1.0] AndroidManifest.xml:20:5-22:41
MERGED from [androidx.vectordrawable:vectordrawable-animated:1.1.0] AndroidManifest.xml:20:5-22:41
MERGED from [androidx.vectordrawable:vectordrawable:1.1.0] AndroidManifest.xml:20:5-22:41
MERGED from [androidx.vectordrawable:vectordrawable:1.1.0] AndroidManifest.xml:20:5-22:41
MERGED from [androidx.customview:customview:1.0.0] AndroidManifest.xml:20:5-44
MERGED from [androidx.customview:customview:1.0.0] AndroidManifest.xml:20:5-44
MERGED from [androidx.media:media:1.4.1] AndroidManifest.xml:20:5-22:41
MERGED from [androidx.media:media:1.4.1] AndroidManifest.xml:20:5-22:41
MERGED from [androidx.core:core:1.8.0] AndroidManifest.xml:20:5-22:41
MERGED from [androidx.core:core:1.8.0] AndroidManifest.xml:20:5-22:41
MERGED from [androidx.versionedparcelable:versionedparcelable:1.1.1] AndroidManifest.xml:20:5-22:41
MERGED from [androidx.versionedparcelable:versionedparcelable:1.1.1] AndroidManifest.xml:20:5-22:41
MERGED from [androidx.interpolator:interpolator:1.0.0] AndroidManifest.xml:20:5-44
MERGED from [androidx.interpolator:interpolator:1.0.0] AndroidManifest.xml:20:5-44
MERGED from [androidx.lifecycle:lifecycle-runtime:2.5.1] AndroidManifest.xml:20:5-22:41
MERGED from [androidx.lifecycle:lifecycle-runtime:2.5.1] AndroidManifest.xml:20:5-22:41
MERGED from [androidx.cursoradapter:cursoradapter:1.0.0] AndroidManifest.xml:20:5-44
MERGED from [androidx.cursoradapter:cursoradapter:1.0.0] AndroidManifest.xml:20:5-44
MERGED from [androidx.savedstate:savedstate:1.2.0] AndroidManifest.xml:20:5-22:41
MERGED from [androidx.savedstate:savedstate:1.2.0] AndroidManifest.xml:20:5-22:41
MERGED from [androidx.lifecycle:lifecycle-livedata:2.0.0] AndroidManifest.xml:20:5-44
MERGED from [androidx.lifecycle:lifecycle-livedata:2.0.0] AndroidManifest.xml:20:5-44
MERGED from [androidx.lifecycle:lifecycle-livedata-core:2.5.1] AndroidManifest.xml:20:5-22:41
MERGED from [androidx.lifecycle:lifecycle-livedata-core:2.5.1] AndroidManifest.xml:20:5-22:41
MERGED from [androidx.arch.core:core-runtime:2.1.0] AndroidManifest.xml:20:5-22:41
MERGED from [androidx.arch.core:core-runtime:2.1.0] AndroidManifest.xml:20:5-22:41
MERGED from [androidx.annotation:annotation-experimental:1.1.0] AndroidManifest.xml:20:5-22:41
MERGED from [androidx.annotation:annotation-experimental:1.1.0] AndroidManifest.xml:20:5-22:41
INJECTED from src\debug\AndroidManifest.xml
INJECTED from src\debug\AndroidManifest.xml
	android:targetSdkVersion
		INJECTED from src\main\AndroidManifest.xml
		INJECTED from src\debug\AndroidManifest.xml
	android:minSdkVersion
		INJECTED from src\main\AndroidManifest.xml
		INJECTED from src\debug\AndroidManifest.xml
queries
ADDED from [:flutter_inappwebview] AndroidManifest.xml:9:5-13:15
MERGED from [androidx.media2:media2-session:1.2.1] AndroidManifest.xml:24:5-34:15
MERGED from [androidx.media2:media2-session:1.2.1] AndroidManifest.xml:24:5-34:15
MERGED from [androidx.media:media:1.4.1] AndroidManifest.xml:24:5-28:15
MERGED from [androidx.media:media:1.4.1] AndroidManifest.xml:24:5-28:15
intent#action:name:android.support.customtabs.action.CustomTabsService
ADDED from [:flutter_inappwebview] AndroidManifest.xml:10:9-12:18
action#android.support.customtabs.action.CustomTabsService
ADDED from [:flutter_inappwebview] AndroidManifest.xml:11:13-90
	android:name
		ADDED from [:flutter_inappwebview] AndroidManifest.xml:11:21-87
activity#com.pichillilorenzo.flutter_inappwebview.in_app_browser.InAppBrowserActivity
ADDED from [:flutter_inappwebview] AndroidManifest.xml:16:9-20:47
	android:exported
		ADDED from [:flutter_inappwebview] AndroidManifest.xml:19:13-37
	android:configChanges
		ADDED from [:flutter_inappwebview] AndroidManifest.xml:18:13-137
	android:theme
		ADDED from [:flutter_inappwebview] AndroidManifest.xml:20:13-44
	android:name
		ADDED from [:flutter_inappwebview] AndroidManifest.xml:17:13-104
activity#com.pichillilorenzo.flutter_inappwebview.chrome_custom_tabs.ChromeCustomTabsActivity
ADDED from [:flutter_inappwebview] AndroidManifest.xml:21:9-24:55
	android:exported
		ADDED from [:flutter_inappwebview] AndroidManifest.xml:23:13-37
	android:theme
		ADDED from [:flutter_inappwebview] AndroidManifest.xml:24:13-52
	android:name
		ADDED from [:flutter_inappwebview] AndroidManifest.xml:22:13-112
activity#com.pichillilorenzo.flutter_inappwebview.chrome_custom_tabs.TrustedWebActivity
ADDED from [:flutter_inappwebview] AndroidManifest.xml:25:9-28:55
	android:exported
		ADDED from [:flutter_inappwebview] AndroidManifest.xml:27:13-37
	android:theme
		ADDED from [:flutter_inappwebview] AndroidManifest.xml:28:13-52
	android:name
		ADDED from [:flutter_inappwebview] AndroidManifest.xml:26:13-106
activity#com.pichillilorenzo.flutter_inappwebview.chrome_custom_tabs.ChromeCustomTabsActivitySingleInstance
ADDED from [:flutter_inappwebview] AndroidManifest.xml:29:9-33:55
	android:launchMode
		ADDED from [:flutter_inappwebview] AndroidManifest.xml:32:13-48
	android:exported
		ADDED from [:flutter_inappwebview] AndroidManifest.xml:31:13-37
	android:theme
		ADDED from [:flutter_inappwebview] AndroidManifest.xml:33:13-52
	android:name
		ADDED from [:flutter_inappwebview] AndroidManifest.xml:30:13-126
activity#com.pichillilorenzo.flutter_inappwebview.chrome_custom_tabs.TrustedWebActivitySingleInstance
ADDED from [:flutter_inappwebview] AndroidManifest.xml:34:9-38:55
	android:launchMode
		ADDED from [:flutter_inappwebview] AndroidManifest.xml:37:13-48
	android:exported
		ADDED from [:flutter_inappwebview] AndroidManifest.xml:36:13-37
	android:theme
		ADDED from [:flutter_inappwebview] AndroidManifest.xml:38:13-52
	android:name
		ADDED from [:flutter_inappwebview] AndroidManifest.xml:35:13-120
receiver#com.pichillilorenzo.flutter_inappwebview.chrome_custom_tabs.ActionBroadcastReceiver
ADDED from [:flutter_inappwebview] AndroidManifest.xml:40:9-43:40
	android:enabled
		ADDED from [:flutter_inappwebview] AndroidManifest.xml:42:13-35
	android:exported
		ADDED from [:flutter_inappwebview] AndroidManifest.xml:43:13-37
	android:name
		ADDED from [:flutter_inappwebview] AndroidManifest.xml:41:13-111
meta-data#io.flutter.embedded_views_preview
ADDED from [:flutter_inappwebview] AndroidManifest.xml:45:9-47:36
	android:value
		ADDED from [:flutter_inappwebview] AndroidManifest.xml:47:13-33
	android:name
		ADDED from [:flutter_inappwebview] AndroidManifest.xml:46:13-61
uses-library#androidx.window.extensions
ADDED from [androidx.window:window:1.0.0-beta04] AndroidManifest.xml:25:9-27:40
	android:required
		ADDED from [androidx.window:window:1.0.0-beta04] AndroidManifest.xml:27:13-37
	android:name
		ADDED from [androidx.window:window:1.0.0-beta04] AndroidManifest.xml:26:13-54
uses-library#androidx.window.sidecar
ADDED from [androidx.window:window:1.0.0-beta04] AndroidManifest.xml:28:9-30:40
	android:required
		ADDED from [androidx.window:window:1.0.0-beta04] AndroidManifest.xml:30:13-37
	android:name
		ADDED from [androidx.window:window:1.0.0-beta04] AndroidManifest.xml:29:13-51
uses-permission#android.permission.ACCESS_NETWORK_STATE
ADDED from [com.google.android.exoplayer:exoplayer-core:2.18.7] AndroidManifest.xml:24:5-79
MERGED from [com.google.android.exoplayer:exoplayer-common:2.18.7] AndroidManifest.xml:24:5-79
MERGED from [com.google.android.exoplayer:exoplayer-common:2.18.7] AndroidManifest.xml:24:5-79
	android:name
		ADDED from [com.google.android.exoplayer:exoplayer-core:2.18.7] AndroidManifest.xml:24:22-76
provider#androidx.startup.InitializationProvider
ADDED from [androidx.emoji2:emoji2:1.2.0] AndroidManifest.xml:24:9-32:20
MERGED from [androidx.lifecycle:lifecycle-process:2.4.1] AndroidManifest.xml:26:9-34:20
MERGED from [androidx.lifecycle:lifecycle-process:2.4.1] AndroidManifest.xml:26:9-34:20
MERGED from [androidx.startup:startup-runtime:1.1.1] AndroidManifest.xml:26:9-30:34
MERGED from [androidx.startup:startup-runtime:1.1.1] AndroidManifest.xml:26:9-30:34
	tools:node
		ADDED from [androidx.emoji2:emoji2:1.2.0] AndroidManifest.xml:28:13-31
	android:authorities
		ADDED from [androidx.emoji2:emoji2:1.2.0] AndroidManifest.xml:26:13-68
	android:exported
		ADDED from [androidx.emoji2:emoji2:1.2.0] AndroidManifest.xml:27:13-37
	android:name
		ADDED from [androidx.emoji2:emoji2:1.2.0] AndroidManifest.xml:25:13-67
meta-data#androidx.emoji2.text.EmojiCompatInitializer
ADDED from [androidx.emoji2:emoji2:1.2.0] AndroidManifest.xml:29:13-31:52
	android:value
		ADDED from [androidx.emoji2:emoji2:1.2.0] AndroidManifest.xml:31:17-49
	android:name
		ADDED from [androidx.emoji2:emoji2:1.2.0] AndroidManifest.xml:30:17-75
meta-data#androidx.lifecycle.ProcessLifecycleInitializer
ADDED from [androidx.lifecycle:lifecycle-process:2.4.1] AndroidManifest.xml:31:13-33:52
	android:value
		ADDED from [androidx.lifecycle:lifecycle-process:2.4.1] AndroidManifest.xml:33:17-49
	android:name
		ADDED from [androidx.lifecycle:lifecycle-process:2.4.1] AndroidManifest.xml:32:17-78
intent#action:name:android.media.browse.MediaBrowserService
ADDED from [androidx.media2:media2-session:1.2.1] AndroidManifest.xml:25:9-27:18
action#android.media.browse.MediaBrowserService
ADDED from [androidx.media2:media2-session:1.2.1] AndroidManifest.xml:26:13-79
	android:name
		ADDED from [androidx.media2:media2-session:1.2.1] AndroidManifest.xml:26:21-76
intent#action:name:androidx.media2.session.MediaSessionService
ADDED from [androidx.media2:media2-session:1.2.1] AndroidManifest.xml:28:9-30:18
action#androidx.media2.session.MediaSessionService
ADDED from [androidx.media2:media2-session:1.2.1] AndroidManifest.xml:29:13-82
	android:name
		ADDED from [androidx.media2:media2-session:1.2.1] AndroidManifest.xml:29:21-79
intent#action:name:androidx.media2.session.MediaLibraryService
ADDED from [androidx.media2:media2-session:1.2.1] AndroidManifest.xml:31:9-33:18
action#androidx.media2.session.MediaLibraryService
ADDED from [androidx.media2:media2-session:1.2.1] AndroidManifest.xml:32:13-82
	android:name
		ADDED from [androidx.media2:media2-session:1.2.1] AndroidManifest.xml:32:21-79